linkease/composeApp/build/intermediates/manifest_merge_blame_file/debug/manifest-merger-blame-debug-report.txt
1<?xml version="1.0" encoding="utf-8"?>
2<manifest xmlns:android="http://schemas.android.com/apk/res/android"
3    package="com.linkease"
4    android:versionCode="1"
5    android:versionName="1.0" >
6
7    <uses-sdk
8        android:minSdkVersion="26"
9        android:targetSdkVersion="35" />
10
11    <uses-permission android:name="android.permission.POST_NOTIFICATIONS" />
11-->src/androidMain/AndroidManifest.xml:4:5-77
11-->src/androidMain/AndroidManifest.xml:4:22-74
12    <uses-permission android:name="android.permission.READ_CALENDAR" />
12-->src/androidMain/AndroidManifest.xml:5:5-72
12-->src/androidMain/AndroidManifest.xml:5:22-69
13    <uses-permission android:name="android.permission.WRITE_CALENDAR" />
13-->src/androidMain/AndroidManifest.xml:6:5-73
13-->src/androidMain/AndroidManifest.xml:6:22-70
14    <uses-permission android:name="android.permission.SCHEDULE_EXACT_ALARM" />
14-->src/androidMain/AndroidManifest.xml:7:5-79
14-->src/androidMain/AndroidManifest.xml:7:22-76
15    <uses-permission android:name="android.permission.USE_EXACT_ALARM" />
15-->src/androidMain/AndroidManifest.xml:8:5-74
15-->src/androidMain/AndroidManifest.xml:8:22-71
16    <uses-permission android:name="android.permission.RECEIVE_BOOT_COMPLETED" />
16-->src/androidMain/AndroidManifest.xml:9:5-81
16-->src/androidMain/AndroidManifest.xml:9:22-78
17    <uses-permission android:name="android.permission.WAKE_LOCK" />
17-->[androidx.work:work-runtime:2.7.1] AndroidManifest.xml:25:5-68
17-->[androidx.work:work-runtime:2.7.1] AndroidManifest.xml:25:22-65
18    <uses-permission android:name="android.permission.ACCESS_NETWORK_STATE" />
18-->[androidx.work:work-runtime:2.7.1] AndroidManifest.xml:26:5-79
18-->[androidx.work:work-runtime:2.7.1] AndroidManifest.xml:26:22-76
19    <uses-permission android:name="android.permission.FOREGROUND_SERVICE" />
19-->[androidx.work:work-runtime:2.7.1] AndroidManifest.xml:28:5-77
19-->[androidx.work:work-runtime:2.7.1] AndroidManifest.xml:28:22-74
20
21    <permission
21-->[androidx.core:core:1.15.0] AndroidManifest.xml:22:5-24:47
22        android:name="com.linkease.DYNAMIC_RECEIVER_NOT_EXPORTED_PERMISSION"
22-->[androidx.core:core:1.15.0] AndroidManifest.xml:23:9-81
23        android:protectionLevel="signature" />
23-->[androidx.core:core:1.15.0] AndroidManifest.xml:24:9-44
24
25    <uses-permission android:name="com.linkease.DYNAMIC_RECEIVER_NOT_EXPORTED_PERMISSION" />
25-->[androidx.core:core:1.15.0] AndroidManifest.xml:26:5-97
25-->[androidx.core:core:1.15.0] AndroidManifest.xml:26:22-94
26
27    <application
27-->src/androidMain/AndroidManifest.xml:11:5-61:19
28        android:allowBackup="true"
28-->src/androidMain/AndroidManifest.xml:12:9-35
29        android:appComponentFactory="androidx.core.app.CoreComponentFactory"
29-->[androidx.core:core:1.15.0] AndroidManifest.xml:28:18-86
30        android:debuggable="true"
31        android:extractNativeLibs="false"
32        android:label="Linkease"
32-->src/androidMain/AndroidManifest.xml:13:9-33
33        android:theme="@android:style/Theme.Material.Light.NoActionBar" >
33-->src/androidMain/AndroidManifest.xml:14:9-72
34        <activity
34-->src/androidMain/AndroidManifest.xml:16:9-27:20
35            android:name="com.linkease.MainActivity"
35-->src/androidMain/AndroidManifest.xml:17:13-41
36            android:configChanges="orientation|screenSize|screenLayout|keyboardHidden"
36-->src/androidMain/AndroidManifest.xml:19:13-87
37            android:exported="true" >
37-->src/androidMain/AndroidManifest.xml:18:13-36
38            <intent-filter>
38-->src/androidMain/AndroidManifest.xml:20:13-23:29
39                <action android:name="android.intent.action.MAIN" />
39-->src/androidMain/AndroidManifest.xml:21:17-69
39-->src/androidMain/AndroidManifest.xml:21:25-66
40
41                <category android:name="android.intent.category.LAUNCHER" />
41-->src/androidMain/AndroidManifest.xml:22:17-77
41-->src/androidMain/AndroidManifest.xml:22:27-74
42            </intent-filter>
43
44            <meta-data
44-->src/androidMain/AndroidManifest.xml:24:13-26:53
45                android:name="android.app.shortcuts"
45-->src/androidMain/AndroidManifest.xml:25:17-53
46                android:resource="@xml/shortcuts" />
46-->src/androidMain/AndroidManifest.xml:26:17-50
47        </activity>
48        <activity
48-->src/androidMain/AndroidManifest.xml:29:9-32:75
49            android:name="com.linkease.PinWidgetActivity"
49-->src/androidMain/AndroidManifest.xml:30:13-46
50            android:exported="false"
50-->src/androidMain/AndroidManifest.xml:31:13-37
51            android:theme="@android:style/Theme.Translucent.NoTitleBar" />
51-->src/androidMain/AndroidManifest.xml:32:13-72
52
53        <receiver
53-->src/androidMain/AndroidManifest.xml:34:9-83
54            android:name="com.linkease.SessionAlarmReceiver"
54-->src/androidMain/AndroidManifest.xml:34:19-55
55            android:exported="false" />
55-->src/androidMain/AndroidManifest.xml:34:56-80
56        <receiver
56-->src/androidMain/AndroidManifest.xml:36:9-41:20
57            android:name="com.linkease.BootReceiver"
57-->src/androidMain/AndroidManifest.xml:36:19-47
58            android:exported="true" >
58-->src/androidMain/AndroidManifest.xml:36:48-71
59            <intent-filter>
59-->src/androidMain/AndroidManifest.xml:37:13-40:29
60                <action android:name="android.intent.action.BOOT_COMPLETED" />
60-->src/androidMain/AndroidManifest.xml:38:17-79
60-->src/androidMain/AndroidManifest.xml:38:25-76
61                <action android:name="android.intent.action.QUICKBOOT_POWERON" />
61-->src/androidMain/AndroidManifest.xml:39:17-82
61-->src/androidMain/AndroidManifest.xml:39:25-79
62            </intent-filter>
63        </receiver>
64        <receiver
64-->src/androidMain/AndroidManifest.xml:43:9-50:20
65            android:name="com.linkease.FreeTimeWidgetReceiver"
65-->src/androidMain/AndroidManifest.xml:43:19-57
66            android:exported="true" >
66-->src/androidMain/AndroidManifest.xml:43:58-81
67            <intent-filter>
67-->src/androidMain/AndroidManifest.xml:44:13-46:29
68                <action android:name="android.appwidget.action.APPWIDGET_UPDATE" />
68-->src/androidMain/AndroidManifest.xml:45:17-84
68-->src/androidMain/AndroidManifest.xml:45:25-81
69            </intent-filter>
70
71            <meta-data
71-->src/androidMain/AndroidManifest.xml:47:13-49:64
72                android:name="android.appwidget.provider"
72-->src/androidMain/AndroidManifest.xml:48:17-58
73                android:resource="@xml/freetime_widget_info" />
73-->src/androidMain/AndroidManifest.xml:49:17-61
74        </receiver>
75        <receiver
75-->src/androidMain/AndroidManifest.xml:52:9-59:20
76            android:name="com.linkease.LinkEaseWidgetReceiver"
76-->src/androidMain/AndroidManifest.xml:52:19-57
77            android:exported="true" >
77-->src/androidMain/AndroidManifest.xml:52:58-81
78            <intent-filter>
78-->src/androidMain/AndroidManifest.xml:44:13-46:29
79                <action android:name="android.appwidget.action.APPWIDGET_UPDATE" />
79-->src/androidMain/AndroidManifest.xml:45:17-84
79-->src/androidMain/AndroidManifest.xml:45:25-81
80            </intent-filter>
81
82            <meta-data
82-->src/androidMain/AndroidManifest.xml:47:13-49:64
83                android:name="android.appwidget.provider"
83-->src/androidMain/AndroidManifest.xml:48:17-58
84                android:resource="@xml/linkease_widget_info" />
84-->src/androidMain/AndroidManifest.xml:49:17-61
85        </receiver>
86
87        <provider
87-->[org.jetbrains.compose.components:components-resources-android:1.7.3] AndroidManifest.xml:8:9-13:20
88            android:name="org.jetbrains.compose.resources.AndroidContextProvider"
88-->[org.jetbrains.compose.components:components-resources-android:1.7.3] AndroidManifest.xml:9:13-82
89            android:authorities="com.linkease.resources.AndroidContextProvider"
89-->[org.jetbrains.compose.components:components-resources-android:1.7.3] AndroidManifest.xml:10:13-84
90            android:enabled="true"
90-->[org.jetbrains.compose.components:components-resources-android:1.7.3] AndroidManifest.xml:11:13-35
91            android:exported="false" >
91-->[org.jetbrains.compose.components:components-resources-android:1.7.3] AndroidManifest.xml:12:13-37
92        </provider>
93
94        <activity
94-->[androidx.glance:glance-appwidget:1.1.0] AndroidManifest.xml:23:9-28:62
95            android:name="androidx.glance.appwidget.action.ActionTrampolineActivity"
95-->[androidx.glance:glance-appwidget:1.1.0] AndroidManifest.xml:24:13-85
96            android:enabled="true"
96-->[androidx.glance:glance-appwidget:1.1.0] AndroidManifest.xml:25:13-35
97            android:excludeFromRecents="true"
97-->[androidx.glance:glance-appwidget:1.1.0] AndroidManifest.xml:26:13-46
98            android:exported="false"
98-->[androidx.glance:glance-appwidget:1.1.0] AndroidManifest.xml:27:13-37
99            android:theme="@android:style/Theme.NoDisplay" />
99-->[androidx.glance:glance-appwidget:1.1.0] AndroidManifest.xml:28:13-59
100        <activity
100-->[androidx.glance:glance-appwidget:1.1.0] AndroidManifest.xml:29:9-36:81
101            android:name="androidx.glance.appwidget.action.InvisibleActionTrampolineActivity"
101-->[androidx.glance:glance-appwidget:1.1.0] AndroidManifest.xml:30:13-94
102            android:enabled="true"
102-->[androidx.glance:glance-appwidget:1.1.0] AndroidManifest.xml:31:13-35
103            android:exported="false"
103-->[androidx.glance:glance-appwidget:1.1.0] AndroidManifest.xml:32:13-37
104            android:launchMode="singleInstance"
104-->[androidx.glance:glance-appwidget:1.1.0] AndroidManifest.xml:33:13-48
105            android:noHistory="true"
105-->[androidx.glance:glance-appwidget:1.1.0] AndroidManifest.xml:34:13-37
106            android:taskAffinity="androidx.glance.appwidget.ListAdapterCallbackTrampoline"
106-->[androidx.glance:glance-appwidget:1.1.0] AndroidManifest.xml:35:13-91
107            android:theme="@style/Widget.Glance.AppWidget.CallbackTrampoline" />
107-->[androidx.glance:glance-appwidget:1.1.0] AndroidManifest.xml:36:13-78
108
109        <receiver
109-->[androidx.glance:glance-appwidget:1.1.0] AndroidManifest.xml:38:9-41:40
110            android:name="androidx.glance.appwidget.action.ActionCallbackBroadcastReceiver"
110-->[androidx.glance:glance-appwidget:1.1.0] AndroidManifest.xml:39:13-92
111            android:enabled="true"
111-->[androidx.glance:glance-appwidget:1.1.0] AndroidManifest.xml:40:13-35
112            android:exported="false" />
112-->[androidx.glance:glance-appwidget:1.1.0] AndroidManifest.xml:41:13-37
113        <receiver
113-->[androidx.glance:glance-appwidget:1.1.0] AndroidManifest.xml:42:9-45:40
114            android:name="androidx.glance.appwidget.UnmanagedSessionReceiver"
114-->[androidx.glance:glance-appwidget:1.1.0] AndroidManifest.xml:43:13-78
115            android:enabled="true"
115-->[androidx.glance:glance-appwidget:1.1.0] AndroidManifest.xml:44:13-35
116            android:exported="false" />
116-->[androidx.glance:glance-appwidget:1.1.0] AndroidManifest.xml:45:13-37
117        <receiver
117-->[androidx.glance:glance-appwidget:1.1.0] AndroidManifest.xml:46:9-53:20
118            android:name="androidx.glance.appwidget.MyPackageReplacedReceiver"
118-->[androidx.glance:glance-appwidget:1.1.0] AndroidManifest.xml:47:13-79
119            android:enabled="true"
119-->[androidx.glance:glance-appwidget:1.1.0] AndroidManifest.xml:48:13-35
120            android:exported="false" >
120-->[androidx.glance:glance-appwidget:1.1.0] AndroidManifest.xml:49:13-37
121            <intent-filter>
121-->[androidx.glance:glance-appwidget:1.1.0] AndroidManifest.xml:50:13-52:29
122                <action android:name="android.intent.action.MY_PACKAGE_REPLACED" />
122-->[androidx.glance:glance-appwidget:1.1.0] AndroidManifest.xml:51:17-84
122-->[androidx.glance:glance-appwidget:1.1.0] AndroidManifest.xml:51:25-81
123            </intent-filter>
124        </receiver>
125
126        <service
126-->[androidx.glance:glance-appwidget:1.1.0] AndroidManifest.xml:55:9-58:72
127            android:name="androidx.glance.appwidget.GlanceRemoteViewsService"
127-->[androidx.glance:glance-appwidget:1.1.0] AndroidManifest.xml:56:13-78
128            android:exported="true"
128-->[androidx.glance:glance-appwidget:1.1.0] AndroidManifest.xml:57:13-36
129            android:permission="android.permission.BIND_REMOTEVIEWS" />
129-->[androidx.glance:glance-appwidget:1.1.0] AndroidManifest.xml:58:13-69
130        <service
130-->[androidx.core:core-remoteviews:1.1.0] AndroidManifest.xml:24:9-27:63
131            android:name="androidx.core.widget.RemoteViewsCompatService"
131-->[androidx.core:core-remoteviews:1.1.0] AndroidManifest.xml:25:13-73
132            android:permission="android.permission.BIND_REMOTEVIEWS" />
132-->[androidx.core:core-remoteviews:1.1.0] AndroidManifest.xml:26:13-69
133
134        <provider
134-->[androidx.work:work-runtime:2.7.1] AndroidManifest.xml:31:9-39:20
135            android:name="androidx.startup.InitializationProvider"
135-->[androidx.work:work-runtime:2.7.1] AndroidManifest.xml:32:13-67
136            android:authorities="com.linkease.androidx-startup"
136-->[androidx.work:work-runtime:2.7.1] AndroidManifest.xml:33:13-68
137            android:exported="false" >
137-->[androidx.work:work-runtime:2.7.1] AndroidManifest.xml:34:13-37
138            <meta-data
138-->[androidx.work:work-runtime:2.7.1] AndroidManifest.xml:36:13-38:52
139                android:name="androidx.work.WorkManagerInitializer"
139-->[androidx.work:work-runtime:2.7.1] AndroidManifest.xml:37:17-68
140                android:value="androidx.startup" />
140-->[androidx.work:work-runtime:2.7.1] AndroidManifest.xml:38:17-49
141            <meta-data
141-->[androidx.emoji2:emoji2:1.3.0] AndroidManifest.xml:29:13-31:52
142                android:name="androidx.emoji2.text.EmojiCompatInitializer"
142-->[androidx.emoji2:emoji2:1.3.0] AndroidManifest.xml:30:17-75
143                android:value="androidx.startup" />
143-->[androidx.emoji2:emoji2:1.3.0] AndroidManifest.xml:31:17-49
144            <meta-data
144-->[androidx.lifecycle:lifecycle-process:2.8.5] AndroidManifest.xml:29:13-31:52
145                android:name="androidx.lifecycle.ProcessLifecycleInitializer"
145-->[androidx.lifecycle:lifecycle-process:2.8.5] AndroidManifest.xml:30:17-78
146                android:value="androidx.startup" />
146-->[androidx.lifecycle:lifecycle-process:2.8.5] AndroidManifest.xml:31:17-49
147            <meta-data
147-->[androidx.profileinstaller:profileinstaller:1.3.1] AndroidManifest.xml:29:13-31:52
148                android:name="androidx.profileinstaller.ProfileInstallerInitializer"
148-->[androidx.profileinstaller:profileinstaller:1.3.1] AndroidManifest.xml:30:17-85
149                android:value="androidx.startup" />
149-->[androidx.profileinstaller:profileinstaller:1.3.1] AndroidManifest.xml:31:17-49
150        </provider>
151
152        <service
152-->[androidx.work:work-runtime:2.7.1] AndroidManifest.xml:41:9-46:35
153            android:name="androidx.work.impl.background.systemalarm.SystemAlarmService"
153-->[androidx.work:work-runtime:2.7.1] AndroidManifest.xml:42:13-88
154            android:directBootAware="false"
154-->[androidx.work:work-runtime:2.7.1] AndroidManifest.xml:43:13-44
155            android:enabled="@bool/enable_system_alarm_service_default"
155-->[androidx.work:work-runtime:2.7.1] AndroidManifest.xml:44:13-72
156            android:exported="false" />
156-->[androidx.work:work-runtime:2.7.1] AndroidManifest.xml:45:13-37
157        <service
157-->[androidx.work:work-runtime:2.7.1] AndroidManifest.xml:47:9-53:35
158            android:name="androidx.work.impl.background.systemjob.SystemJobService"
158-->[androidx.work:work-runtime:2.7.1] AndroidManifest.xml:48:13-84
159            android:directBootAware="false"
159-->[androidx.work:work-runtime:2.7.1] AndroidManifest.xml:49:13-44
160            android:enabled="@bool/enable_system_job_service_default"
160-->[androidx.work:work-runtime:2.7.1] AndroidManifest.xml:50:13-70
161            android:exported="true"
161-->[androidx.work:work-runtime:2.7.1] AndroidManifest.xml:51:13-36
162            android:permission="android.permission.BIND_JOB_SERVICE" />
162-->[androidx.work:work-runtime:2.7.1] AndroidManifest.xml:52:13-69
163        <service
163-->[androidx.work:work-runtime:2.7.1] AndroidManifest.xml:54:9-59:35
164            android:name="androidx.work.impl.foreground.SystemForegroundService"
164-->[androidx.work:work-runtime:2.7.1] AndroidManifest.xml:55:13-81
165            android:directBootAware="false"
165-->[androidx.work:work-runtime:2.7.1] AndroidManifest.xml:56:13-44
166            android:enabled="@bool/enable_system_foreground_service_default"
166-->[androidx.work:work-runtime:2.7.1] AndroidManifest.xml:57:13-77
167            android:exported="false" />
167-->[androidx.work:work-runtime:2.7.1] AndroidManifest.xml:58:13-37
168
169        <receiver
169-->[androidx.work:work-runtime:2.7.1] AndroidManifest.xml:61:9-66:35
170            android:name="androidx.work.impl.utils.ForceStopRunnable$BroadcastReceiver"
170-->[androidx.work:work-runtime:2.7.1] AndroidManifest.xml:62:13-88
171            android:directBootAware="false"
171-->[androidx.work:work-runtime:2.7.1] AndroidManifest.xml:63:13-44
172            android:enabled="true"
172-->[androidx.work:work-runtime:2.7.1] AndroidManifest.xml:64:13-35
173            android:exported="false" />
173-->[androidx.work:work-runtime:2.7.1] AndroidManifest.xml:65:13-37
174        <receiver
174-->[androidx.work:work-runtime:2.7.1] AndroidManifest.xml:67:9-77:20
175            android:name="androidx.work.impl.background.systemalarm.ConstraintProxy$BatteryChargingProxy"
175-->[androidx.work:work-runtime:2.7.1] AndroidManifest.xml:68:13-106
176            android:directBootAware="false"
176-->[androidx.work:work-runtime:2.7.1] AndroidManifest.xml:69:13-44
177            android:enabled="false"
177-->[androidx.work:work-runtime:2.7.1] AndroidManifest.xml:70:13-36
178            android:exported="false" >
178-->[androidx.work:work-runtime:2.7.1] AndroidManifest.xml:71:13-37
179            <intent-filter>
179-->[androidx.work:work-runtime:2.7.1] AndroidManifest.xml:73:13-76:29
180                <action android:name="android.intent.action.ACTION_POWER_CONNECTED" />
180-->[androidx.work:work-runtime:2.7.1] AndroidManifest.xml:74:17-87
180-->[androidx.work:work-runtime:2.7.1] AndroidManifest.xml:74:25-84
181                <action android:name="android.intent.action.ACTION_POWER_DISCONNECTED" />
181-->[androidx.work:work-runtime:2.7.1] AndroidManifest.xml:75:17-90
181-->[androidx.work:work-runtime:2.7.1] AndroidManifest.xml:75:25-87
182            </intent-filter>
183        </receiver>
184        <receiver
184-->[androidx.work:work-runtime:2.7.1] AndroidManifest.xml:78:9-88:20
185            android:name="androidx.work.impl.background.systemalarm.ConstraintProxy$BatteryNotLowProxy"
185-->[androidx.work:work-runtime:2.7.1] AndroidManifest.xml:79:13-104
186            android:directBootAware="false"
186-->[androidx.work:work-runtime:2.7.1] AndroidManifest.xml:80:13-44
187            android:enabled="false"
187-->[androidx.work:work-runtime:2.7.1] AndroidManifest.xml:81:13-36
188            android:exported="false" >
188-->[androidx.work:work-runtime:2.7.1] AndroidManifest.xml:82:13-37
189            <intent-filter>
189-->[androidx.work:work-runtime:2.7.1] AndroidManifest.xml:84:13-87:29
190                <action android:name="android.intent.action.BATTERY_OKAY" />
190-->[androidx.work:work-runtime:2.7.1] AndroidManifest.xml:85:17-77
190-->[androidx.work:work-runtime:2.7.1] AndroidManifest.xml:85:25-74
191                <action android:name="android.intent.action.BATTERY_LOW" />
191-->[androidx.work:work-runtime:2.7.1] AndroidManifest.xml:86:17-76
191-->[androidx.work:work-runtime:2.7.1] AndroidManifest.xml:86:25-73
192            </intent-filter>
193        </receiver>
194        <receiver
194-->[androidx.work:work-runtime:2.7.1] AndroidManifest.xml:89:9-99:20
195            android:name="androidx.work.impl.background.systemalarm.ConstraintProxy$StorageNotLowProxy"
195-->[androidx.work:work-runtime:2.7.1] AndroidManifest.xml:90:13-104
196            android:directBootAware="false"
196-->[androidx.work:work-runtime:2.7.1] AndroidManifest.xml:91:13-44
197            android:enabled="false"
197-->[androidx.work:work-runtime:2.7.1] AndroidManifest.xml:92:13-36
198            android:exported="false" >
198-->[androidx.work:work-runtime:2.7.1] AndroidManifest.xml:93:13-37
199            <intent-filter>
199-->[androidx.work:work-runtime:2.7.1] AndroidManifest.xml:95:13-98:29
200                <action android:name="android.intent.action.DEVICE_STORAGE_LOW" />
200-->[androidx.work:work-runtime:2.7.1] AndroidManifest.xml:96:17-83
200-->[androidx.work:work-runtime:2.7.1] AndroidManifest.xml:96:25-80
201                <action android:name="android.intent.action.DEVICE_STORAGE_OK" />
201-->[androidx.work:work-runtime:2.7.1] AndroidManifest.xml:97:17-82
201-->[androidx.work:work-runtime:2.7.1] AndroidManifest.xml:97:25-79
202            </intent-filter>
203        </receiver>
204        <receiver
204-->[androidx.work:work-runtime:2.7.1] AndroidManifest.xml:100:9-109:20
205            android:name="androidx.work.impl.background.systemalarm.ConstraintProxy$NetworkStateProxy"
205-->[androidx.work:work-runtime:2.7.1] AndroidManifest.xml:101:13-103
206            android:directBootAware="false"
206-->[androidx.work:work-runtime:2.7.1] AndroidManifest.xml:102:13-44
207            android:enabled="false"
207-->[androidx.work:work-runtime:2.7.1] AndroidManifest.xml:103:13-36
208            android:exported="false" >
208-->[androidx.work:work-runtime:2.7.1] AndroidManifest.xml:104:13-37
209            <intent-filter>
209-->[androidx.work:work-runtime:2.7.1] AndroidManifest.xml:106:13-108:29
210                <action android:name="android.net.conn.CONNECTIVITY_CHANGE" />
210-->[androidx.work:work-runtime:2.7.1] AndroidManifest.xml:107:17-79
210-->[androidx.work:work-runtime:2.7.1] AndroidManifest.xml:107:25-76
211            </intent-filter>
212        </receiver>
213        <receiver
213-->[androidx.work:work-runtime:2.7.1] AndroidManifest.xml:110:9-121:20
214            android:name="androidx.work.impl.background.systemalarm.RescheduleReceiver"
214-->[androidx.work:work-runtime:2.7.1] AndroidManifest.xml:111:13-88
215            android:directBootAware="false"
215-->[androidx.work:work-runtime:2.7.1] AndroidManifest.xml:112:13-44
216            android:enabled="false"
216-->[androidx.work:work-runtime:2.7.1] AndroidManifest.xml:113:13-36
217            android:exported="false" >
217-->[androidx.work:work-runtime:2.7.1] AndroidManifest.xml:114:13-37
218            <intent-filter>
218-->[androidx.work:work-runtime:2.7.1] AndroidManifest.xml:116:13-120:29
219                <action android:name="android.intent.action.BOOT_COMPLETED" />
219-->src/androidMain/AndroidManifest.xml:38:17-79
219-->src/androidMain/AndroidManifest.xml:38:25-76
220                <action android:name="android.intent.action.TIME_SET" />
220-->[androidx.work:work-runtime:2.7.1] AndroidManifest.xml:118:17-73
220-->[androidx.work:work-runtime:2.7.1] AndroidManifest.xml:118:25-70
221                <action android:name="android.intent.action.TIMEZONE_CHANGED" />
221-->[androidx.work:work-runtime:2.7.1] AndroidManifest.xml:119:17-81
221-->[androidx.work:work-runtime:2.7.1] AndroidManifest.xml:119:25-78
222            </intent-filter>
223        </receiver>
224        <receiver
224-->[androidx.work:work-runtime:2.7.1] AndroidManifest.xml:122:9-131:20
225            android:name="androidx.work.impl.background.systemalarm.ConstraintProxyUpdateReceiver"
225-->[androidx.work:work-runtime:2.7.1] AndroidManifest.xml:123:13-99
226            android:directBootAware="false"
226-->[androidx.work:work-runtime:2.7.1] AndroidManifest.xml:124:13-44
227            android:enabled="@bool/enable_system_alarm_service_default"
227-->[androidx.work:work-runtime:2.7.1] AndroidManifest.xml:125:13-72
228            android:exported="false" >
228-->[androidx.work:work-runtime:2.7.1] AndroidManifest.xml:126:13-37
229            <intent-filter>
229-->[androidx.work:work-runtime:2.7.1] AndroidManifest.xml:128:13-130:29
230                <action android:name="androidx.work.impl.background.systemalarm.UpdateProxies" />
230-->[androidx.work:work-runtime:2.7.1] AndroidManifest.xml:129:17-98
230-->[androidx.work:work-runtime:2.7.1] AndroidManifest.xml:129:25-95
231            </intent-filter>
232        </receiver>
233        <receiver
233-->[androidx.work:work-runtime:2.7.1] AndroidManifest.xml:132:9-142:20
234            android:name="androidx.work.impl.diagnostics.DiagnosticsReceiver"
234-->[androidx.work:work-runtime:2.7.1] AndroidManifest.xml:133:13-78
235            android:directBootAware="false"
235-->[androidx.work:work-runtime:2.7.1] AndroidManifest.xml:134:13-44
236            android:enabled="true"
236-->[androidx.work:work-runtime:2.7.1] AndroidManifest.xml:135:13-35
237            android:exported="true"
237-->[androidx.work:work-runtime:2.7.1] AndroidManifest.xml:136:13-36
238            android:permission="android.permission.DUMP" >
238-->[androidx.work:work-runtime:2.7.1] AndroidManifest.xml:137:13-57
239            <intent-filter>
239-->[androidx.work:work-runtime:2.7.1] AndroidManifest.xml:139:13-141:29
240                <action android:name="androidx.work.diagnostics.REQUEST_DIAGNOSTICS" />
240-->[androidx.work:work-runtime:2.7.1] AndroidManifest.xml:140:17-88
240-->[androidx.work:work-runtime:2.7.1] AndroidManifest.xml:140:25-85
241            </intent-filter>
242        </receiver>
243        <receiver
243-->[androidx.profileinstaller:profileinstaller:1.3.1] AndroidManifest.xml:34:9-52:20
244            android:name="androidx.profileinstaller.ProfileInstallReceiver"
244-->[androidx.profileinstaller:profileinstaller:1.3.1] AndroidManifest.xml:35:13-76
245            android:directBootAware="false"
245-->[androidx.profileinstaller:profileinstaller:1.3.1] AndroidManifest.xml:36:13-44
246            android:enabled="true"
246-->[androidx.profileinstaller:profileinstaller:1.3.1] AndroidManifest.xml:37:13-35
247            android:exported="true"
247-->[androidx.profileinstaller:profileinstaller:1.3.1] AndroidManifest.xml:38:13-36
248            android:permission="android.permission.DUMP" >
248-->[androidx.profileinstaller:profileinstaller:1.3.1] AndroidManifest.xml:39:13-57
249            <intent-filter>
249-->[androidx.profileinstaller:profileinstaller:1.3.1] AndroidManifest.xml:40:13-42:29
250                <action android:name="androidx.profileinstaller.action.INSTALL_PROFILE" />
250-->[androidx.profileinstaller:profileinstaller:1.3.1] AndroidManifest.xml:41:17-91
250-->[androidx.profileinstaller:profileinstaller:1.3.1] AndroidManifest.xml:41:25-88
251            </intent-filter>
252            <intent-filter>
252-->[androidx.profileinstaller:profileinstaller:1.3.1] AndroidManifest.xml:43:13-45:29
253                <action android:name="androidx.profileinstaller.action.SKIP_FILE" />
253-->[androidx.profileinstaller:profileinstaller:1.3.1] AndroidManifest.xml:44:17-85
253-->[androidx.profileinstaller:profileinstaller:1.3.1] AndroidManifest.xml:44:25-82
254            </intent-filter>
255            <intent-filter>
255-->[androidx.profileinstaller:profileinstaller:1.3.1] AndroidManifest.xml:46:13-48:29
256                <action android:name="androidx.profileinstaller.action.SAVE_PROFILE" />
256-->[androidx.profileinstaller:profileinstaller:1.3.1] AndroidManifest.xml:47:17-88
256-->[androidx.profileinstaller:profileinstaller:1.3.1] AndroidManifest.xml:47:25-85
257            </intent-filter>
258            <intent-filter>
258-->[androidx.profileinstaller:profileinstaller:1.3.1] AndroidManifest.xml:49:13-51:29
259                <action android:name="androidx.profileinstaller.action.BENCHMARK_OPERATION" />
259-->[androidx.profileinstaller:profileinstaller:1.3.1] AndroidManifest.xml:50:17-95
259-->[androidx.profileinstaller:profileinstaller:1.3.1] AndroidManifest.xml:50:25-92
260            </intent-filter>
261        </receiver>
262
263        <service
263-->[androidx.room:room-runtime:2.2.5] AndroidManifest.xml:25:9-28:40
264            android:name="androidx.room.MultiInstanceInvalidationService"
264-->[androidx.room:room-runtime:2.2.5] AndroidManifest.xml:26:13-74
265            android:directBootAware="true"
265-->[androidx.room:room-runtime:2.2.5] AndroidManifest.xml:27:13-43
266            android:exported="false" />
266-->[androidx.room:room-runtime:2.2.5] AndroidManifest.xml:28:13-37
267    </application>
268
269</manifest>